<?xml version="1.0" encoding="UTF-8"?>
<testsuite name="chatclientserver.ltm.AppTest" tests="1" skipped="0" failures="0" errors="0" timestamp="2025-04-17T12:42:05" hostname="DAT3K" time="0.032">
  <properties/>
  <testcase name="appClassExists()" classname="chatclientserver.ltm.AppTest" time="0.032"/>
  <system-out><![CDATA[]]></system-out>
  <system-err><![CDATA[]]></system-err>
</testsuite>
